<?xml version="1.0" encoding="UTF-8"?>
<!-- Generated by org.testng.reporters.JUnitReportReporter -->
<testsuite hostname="DESKTOP-E2KM5QI" failures="0" tests="1" name="Runner.TestRunner" time="141.558" errors="0" timestamp="17 Feb 2020 11:32:37 GMT" skipped="0">
  <testcase classname="Runner.TestRunner" name="feature" time="141.558"/>
</testsuite> <!-- Runner.TestRunner -->
